{"E:\\workspaces-zq\\ark-pan\\src\\app.ts": {"path":"E:\\workspaces-zq\\ark-pan\\src\\app.ts","statementMap":{"0":{"start":{"line":7,"column":0},"end":{"line":7,"column":16}},"1":{"start":{"line":1,"column":0},"end":{"line":1,"column":30}},"2":{"start":{"line":2,"column":0},"end":{"line":2,"column":60}},"3":{"start":{"line":3,"column":0},"end":{"line":3,"column":70}},"4":{"start":{"line":4,"column":0},"end":{"line":4,"column":46}},"5":{"start":{"line":8,"column":14},"end":{"line":8,"column":23}},"6":{"start":{"line":11,"column":2},"end":{"line":11,"column":34}},"7":{"start":{"line":14,"column":2},"end":{"line":14,"column":50}},"8":{"start":{"line":17,"column":2},"end":{"line":17,"column":24}},"9":{"start":{"line":20,"column":71},"end":{"line":20,"column":98}},"10":{"start":{"line":21,"column":2},"end":{"line":21,"column":28}},"11":{"start":{"line":22,"column":2},"end":{"line":22,"column":31}},"12":{"start":{"line":24,"column":2},"end":{"line":24,"column":13}}},"fnMap":{"0":{"name":"createApp","decl":{"start":{"line":7,"column":16},"end":{"line":7,"column":25}},"loc":{"start":{"line":7,"column":25},"end":{"line":25,"column":1}}}},"branchMap":{},"s":{"0":2,"1":2,"2":2,"3":2,"4":2,"5":3,"6":3,"7":3,"8":3,"9":3,"10":3,"11":3,"12":3},"f":{"0":3},"b":{}}
,"E:\\workspaces-zq\\ark-pan\\src\\cli.ts": {"path":"E:\\workspaces-zq\\ark-pan\\src\\cli.ts","statementMap":{"0":{"start":{"line":2,"column":0},"end":{"line":2,"column":37}},"1":{"start":{"line":3,"column":0},"end":{"line":3,"column":33}},"2":{"start":{"line":5,"column":12},"end":{"line":5,"column":23}},"3":{"start":{"line":7,"column":0},"end":{"line":13,"column":3}},"4":{"start":{"line":8,"column":2},"end":{"line":8,"column":76}},"5":{"start":{"line":9,"column":2},"end":{"line":9,"column":62}},"6":{"start":{"line":10,"column":2},"end":{"line":10,"column":73}},"7":{"start":{"line":11,"column":2},"end":{"line":11,"column":43}},"8":{"start":{"line":12,"column":2},"end":{"line":12,"column":95}}},"fnMap":{"0":{"name":"(anonymous_1)","decl":{"start":{"line":7,"column":37},"end":{"line":7,"column":40}},"loc":{"start":{"line":7,"column":42},"end":{"line":13,"column":1}}}},"branchMap":{},"s":{"0":1,"1":1,"2":1,"3":1,"4":0,"5":0,"6":0,"7":0,"8":0},"f":{"0":0},"b":{}}
,"E:\\workspaces-zq\\ark-pan\\src\\config.ts": {"path":"E:\\workspaces-zq\\ark-pan\\src\\config.ts","statementMap":{"0":{"start":{"line":47,"column":9},"end":{"line":47,"column":18}},"1":{"start":{"line":1,"column":0},"end":{"line":1,"column":23}},"2":{"start":{"line":4,"column":31},"end":{"line":4,"column":35}},"3":{"start":{"line":5,"column":30},"end":{"line":5,"column":34}},"4":{"start":{"line":6,"column":10},"end":{"line":6,"column":11}},"5":{"start":{"line":7,"column":2},"end":{"line":42,"column":3}},"6":{"start":{"line":8,"column":4},"end":{"line":40,"column":5}},"7":{"start":{"line":9,"column":6},"end":{"line":9,"column":36}},"8":{"start":{"line":10,"column":6},"end":{"line":10,"column":22}},"9":{"start":{"line":11,"column":11},"end":{"line":40,"column":5}},"10":{"start":{"line":12,"column":6},"end":{"line":34,"column":3}},"11":{"start":{"line":35,"column":6},"end":{"line":35,"column":22}},"12":{"start":{"line":36,"column":11},"end":{"line":40,"column":5}},"13":{"start":{"line":37,"column":6},"end":{"line":37,"column":32}},"14":{"start":{"line":38,"column":11},"end":{"line":40,"column":5}},"15":{"start":{"line":39,"column":6},"end":{"line":39,"column":31}},"16":{"start":{"line":41,"column":4},"end":{"line":41,"column":8}},"17":{"start":{"line":44,"column":2},"end":{"line":44,"column":29}},"18":{"start":{"line":49,"column":28},"end":{"line":49,"column":39}},"19":{"start":{"line":51,"column":0},"end":{"line":61,"column":2}}},"fnMap":{"0":{"name":"parseArgs","decl":{"start":{"line":3,"column":9},"end":{"line":3,"column":18}},"loc":{"start":{"line":3,"column":18},"end":{"line":45,"column":1}}}},"branchMap":{"0":{"loc":{"start":{"line":8,"column":4},"end":{"line":40,"column":5}},"type":"if","locations":[{"start":{"line":8,"column":4},"end":{"line":40,"column":5}},{"start":{"line":11,"column":11},"end":{"line":40,"column":5}}]},"1":{"loc":{"start":{"line":8,"column":8},"end":{"line":8,"column":67}},"type":"binary-expr","locations":[{"start":{"line":8,"column":8},"end":{"line":8,"column":39}},{"start":{"line":8,"column":43},"end":{"line":8,"column":67}}]},"2":{"loc":{"start":{"line":11,"column":11},"end":{"line":40,"column":5}},"type":"if","locations":[{"start":{"line":11,"column":11},"end":{"line":40,"column":5}},{"start":{"line":36,"column":11},"end":{"line":40,"column":5}}]},"3":{"loc":{"start":{"line":11,"column":15},"end":{"line":11,"column":71}},"type":"binary-expr","locations":[{"start":{"line":11,"column":15},"end":{"line":11,"column":43}},{"start":{"line":11,"column":47},"end":{"line":11,"column":71}}]},"4":{"loc":{"start":{"line":36,"column":11},"end":{"line":40,"column":5}},"type":"if","locations":[{"start":{"line":36,"column":11},"end":{"line":40,"column":5}},{"start":{"line":38,"column":11},"end":{"line":40,"column":5}}]},"5":{"loc":{"start":{"line":38,"column":11},"end":{"line":40,"column":5}},"type":"if","locations":[{"start":{"line":38,"column":11},"end":{"line":40,"column":5}}]},"6":{"loc":{"start":{"line":52,"column":8},"end":{"line":52,"column":92}},"type":"cond-expr","locations":[{"start":{"line":52,"column":27},"end":{"line":52,"column":53}},{"start":{"line":52,"column":57},"end":{"line":52,"column":91}}]},"7":{"loc":{"start":{"line":52,"column":57},"end":{"line":52,"column":91}},"type":"cond-expr","locations":[{"start":{"line":52,"column":67},"end":{"line":52,"column":84}},{"start":{"line":52,"column":87},"end":{"line":52,"column":91}}]},"8":{"loc":{"start":{"line":53,"column":8},"end":{"line":53,"column":39}},"type":"binary-expr","locations":[{"start":{"line":53,"column":8},"end":{"line":53,"column":24}},{"start":{"line":53,"column":28},"end":{"line":53,"column":39}}]},"9":{"loc":{"start":{"line":54,"column":15},"end":{"line":54,"column":67}},"type":"binary-expr","locations":[{"start":{"line":54,"column":15},"end":{"line":54,"column":38}},{"start":{"line":54,"column":43},"end":{"line":54,"column":49}},{"start":{"line":54,"column":53},"end":{"line":54,"column":66}}]},"10":{"loc":{"start":{"line":55,"column":12},"end":{"line":55,"column":43}},"type":"binary-expr","locations":[{"start":{"line":55,"column":12},"end":{"line":55,"column":32}},{"start":{"line":55,"column":36},"end":{"line":55,"column":43}}]},"11":{"loc":{"start":{"line":56,"column":12},"end":{"line":56,"column":46}},"type":"binary-expr","locations":[{"start":{"line":56,"column":12},"end":{"line":56,"column":32}},{"start":{"line":56,"column":36},"end":{"line":56,"column":46}}]},"12":{"loc":{"start":{"line":57,"column":9},"end":{"line":57,"column":56}},"type":"binary-expr","locations":[{"start":{"line":57,"column":9},"end":{"line":57,"column":26}},{"start":{"line":57,"column":30},"end":{"line":57,"column":56}}]},"13":{"loc":{"start":{"line":58,"column":17},"end":{"line":60,"column":29}},"type":"cond-expr","locations":[{"start":{"line":59,"column":6},"end":{"line":59,"column":41}},{"start":{"line":60,"column":6},"end":{"line":60,"column":29}}]}},"s":{"0":7,"1":7,"2":10,"3":10,"4":10,"5":10,"6":3,"7":0,"8":0,"9":3,"10":0,"11":0,"12":3,"13":2,"14":1,"15":1,"16":3,"17":10,"18":7,"19":7},"f":{"0":10},"b":{"0":[0,3],"1":[3,3],"2":[0,3],"3":[3,3],"4":[2,1],"5":[1],"6":[0,7],"7":[0,7],"8":[7,7],"9":[7,7,7],"10":[7,0],"11":[7,7],"12":[7,7],"13":[0,7]}}
,"E:\\workspaces-zq\\ark-pan\\src\\middleware\\auth.ts": {"path":"E:\\workspaces-zq\\ark-pan\\src\\middleware\\auth.ts","statementMap":{"0":{"start":{"line":4,"column":0},"end":{"line":4,"column":16}},"1":{"start":{"line":1,"column":0},"end":{"line":1,"column":43}},"2":{"start":{"line":2,"column":0},"end":{"line":2,"column":34}},"3":{"start":{"line":5,"column":40},"end":{"line":5,"column":42}},"4":{"start":{"line":6,"column":2},"end":{"line":6,"column":43}},"5":{"start":{"line":8,"column":2},"end":{"line":12,"column":5}}},"fnMap":{"0":{"name":"createAuthMiddleware","decl":{"start":{"line":4,"column":16},"end":{"line":4,"column":36}},"loc":{"start":{"line":4,"column":36},"end":{"line":13,"column":1}}}},"branchMap":{},"s":{"0":3,"1":3,"2":3,"3":5,"4":5,"5":5},"f":{"0":5},"b":{}}
,"E:\\workspaces-zq\\ark-pan\\src\\middleware\\directory.ts": {"path":"E:\\workspaces-zq\\ark-pan\\src\\middleware\\directory.ts","statementMap":{"0":{"start":{"line":7,"column":0},"end":{"line":7,"column":16}},"1":{"start":{"line":1,"column":0},"end":{"line":1,"column":37}},"2":{"start":{"line":2,"column":0},"end":{"line":2,"column":30}},"3":{"start":{"line":3,"column":0},"end":{"line":3,"column":20}},"4":{"start":{"line":4,"column":0},"end":{"line":4,"column":24}},"5":{"start":{"line":5,"column":0},"end":{"line":5,"column":34}},"6":{"start":{"line":9,"column":27},"end":{"line":9,"column":61}},"7":{"start":{"line":12,"column":30},"end":{"line":41,"column":3}},"8":{"start":{"line":14,"column":19},"end":{"line":14,"column":58}},"9":{"start":{"line":15,"column":4},"end":{"line":23,"column":5}},"10":{"start":{"line":16,"column":19},"end":{"line":16,"column":40}},"11":{"start":{"line":17,"column":6},"end":{"line":20,"column":7}},"12":{"start":{"line":19,"column":8},"end":{"line":19,"column":22}},"13":{"start":{"line":22,"column":6},"end":{"line":22,"column":20}},"14":{"start":{"line":26,"column":24},"end":{"line":26,"column":31}},"15":{"start":{"line":27,"column":4},"end":{"line":37,"column":13}},"16":{"start":{"line":28,"column":29},"end":{"line":28,"column":33}},"17":{"start":{"line":29,"column":6},"end":{"line":34,"column":7}},"18":{"start":{"line":30,"column":20},"end":{"line":30,"column":68}},"19":{"start":{"line":31,"column":27},"end":{"line":31,"column":54}},"20":{"start":{"line":32,"column":26},"end":{"line":32,"column":238}},"21":{"start":{"line":33,"column":8},"end":{"line":33,"column":60}},"22":{"start":{"line":36,"column":6},"end":{"line":36,"column":52}},"23":{"start":{"line":40,"column":4},"end":{"line":40,"column":68}},"24":{"start":{"line":43,"column":2},"end":{"line":46,"column":4}}},"fnMap":{"0":{"name":"createDirectoryMiddleware","decl":{"start":{"line":7,"column":16},"end":{"line":7,"column":41}},"loc":{"start":{"line":7,"column":41},"end":{"line":47,"column":1}}},"1":{"name":"(anonymous_2)","decl":{"start":{"line":12,"column":30},"end":{"line":12,"column":31}},"loc":{"start":{"line":12,"column":106},"end":{"line":41,"column":3}}},"2":{"name":"(anonymous_3)","decl":{"start":{"line":27,"column":14},"end":{"line":27,"column":23}},"loc":{"start":{"line":27,"column":37},"end":{"line":37,"column":12}}}},"branchMap":{"0":{"loc":{"start":{"line":17,"column":6},"end":{"line":20,"column":7}},"type":"if","locations":[{"start":{"line":17,"column":6},"end":{"line":20,"column":7}}]},"1":{"loc":{"start":{"line":29,"column":6},"end":{"line":34,"column":7}},"type":"if","locations":[{"start":{"line":29,"column":6},"end":{"line":34,"column":7}}]},"2":{"loc":{"start":{"line":29,"column":10},"end":{"line":29,"column":63}},"type":"binary-expr","locations":[{"start":{"line":29,"column":10},"end":{"line":29,"column":34}},{"start":{"line":29,"column":38},"end":{"line":29,"column":63}}]},"3":{"loc":{"start":{"line":31,"column":27},"end":{"line":31,"column":54}},"type":"cond-expr","locations":[{"start":{"line":31,"column":33},"end":{"line":31,"column":49}},{"start":{"line":31,"column":52},"end":{"line":31,"column":54}}]}},"s":{"0":3,"1":3,"2":3,"3":3,"4":3,"5":3,"6":4,"7":4,"8":0,"9":0,"10":0,"11":0,"12":0,"13":0,"14":0,"15":0,"16":0,"17":0,"18":0,"19":0,"20":0,"21":0,"22":0,"23":0,"24":4},"f":{"0":4,"1":0,"2":0},"b":{"0":[0],"1":[0],"2":[0,0],"3":[0,0]}}
,"E:\\workspaces-zq\\ark-pan\\src\\routes\\upload.ts": {"path":"E:\\workspaces-zq\\ark-pan\\src\\routes\\upload.ts","statementMap":{"0":{"start":{"line":1,"column":0},"end":{"line":1,"column":30}},"1":{"start":{"line":2,"column":0},"end":{"line":2,"column":28}},"2":{"start":{"line":3,"column":0},"end":{"line":3,"column":24}},"3":{"start":{"line":4,"column":0},"end":{"line":4,"column":20}},"4":{"start":{"line":5,"column":0},"end":{"line":5,"column":34}},"5":{"start":{"line":8,"column":15},"end":{"line":8,"column":31}},"6":{"start":{"line":11,"column":16},"end":{"line":24,"column":2}},"7":{"start":{"line":13,"column":23},"end":{"line":13,"column":72}},"8":{"start":{"line":15,"column":4},"end":{"line":17,"column":5}},"9":{"start":{"line":16,"column":6},"end":{"line":16,"column":52}},"10":{"start":{"line":18,"column":4},"end":{"line":18,"column":25}},"11":{"start":{"line":22,"column":4},"end":{"line":22,"column":32}},"12":{"start":{"line":26,"column":15},"end":{"line":29,"column":2}},"13":{"start":{"line":32,"column":0},"end":{"line":66,"column":3}},"14":{"start":{"line":33,"column":21},"end":{"line":33,"column":50}},"15":{"start":{"line":34,"column":14},"end":{"line":34,"column":56}},"16":{"start":{"line":35,"column":15},"end":{"line":64,"column":4}},"17":{"start":{"line":65,"column":2},"end":{"line":65,"column":17}},"18":{"start":{"line":69,"column":0},"end":{"line":101,"column":3}},"19":{"start":{"line":70,"column":21},"end":{"line":70,"column":49}},"20":{"start":{"line":71,"column":14},"end":{"line":71,"column":56}},"21":{"start":{"line":73,"column":17},"end":{"line":73,"column":84}},"22":{"start":{"line":73,"column":63},"end":{"line":73,"column":77}},"23":{"start":{"line":74,"column":15},"end":{"line":99,"column":4}},"24":{"start":{"line":92,"column":23},"end":{"line":92,"column":38}},"25":{"start":{"line":100,"column":2},"end":{"line":100,"column":17}},"26":{"start":{"line":103,"column":0},"end":{"line":103,"column":22}}},"fnMap":{"0":{"name":"(anonymous_1)","decl":{"start":{"line":12,"column":15},"end":{"line":12,"column":25}},"loc":{"start":{"line":12,"column":120},"end":{"line":19,"column":3}}},"1":{"name":"(anonymous_2)","decl":{"start":{"line":20,"column":12},"end":{"line":20,"column":22}},"loc":{"start":{"line":20,"column":114},"end":{"line":23,"column":3}}},"2":{"name":"(anonymous_3)","decl":{"start":{"line":32,"column":22},"end":{"line":32,"column":23}},"loc":{"start":{"line":32,"column":54},"end":{"line":66,"column":1}}},"3":{"name":"(anonymous_4)","decl":{"start":{"line":69,"column":45},"end":{"line":69,"column":46}},"loc":{"start":{"line":69,"column":77},"end":{"line":101,"column":1}}},"4":{"name":"(anonymous_5)","decl":{"start":{"line":73,"column":58},"end":{"line":73,"column":59}},"loc":{"start":{"line":73,"column":63},"end":{"line":73,"column":77}}},"5":{"name":"(anonymous_6)","decl":{"start":{"line":92,"column":18},"end":{"line":92,"column":19}},"loc":{"start":{"line":92,"column":23},"end":{"line":92,"column":38}}}},"branchMap":{"0":{"loc":{"start":{"line":13,"column":53},"end":{"line":13,"column":71}},"type":"binary-expr","locations":[{"start":{"line":13,"column":53},"end":{"line":13,"column":65}},{"start":{"line":13,"column":69},"end":{"line":13,"column":71}}]},"1":{"loc":{"start":{"line":15,"column":4},"end":{"line":17,"column":5}},"type":"if","locations":[{"start":{"line":15,"column":4},"end":{"line":17,"column":5}}]},"2":{"loc":{"start":{"line":33,"column":21},"end":{"line":33,"column":50}},"type":"binary-expr","locations":[{"start":{"line":33,"column":21},"end":{"line":33,"column":44}},{"start":{"line":33,"column":48},"end":{"line":33,"column":50}}]},"3":{"loc":{"start":{"line":34,"column":15},"end":{"line":34,"column":31}},"type":"binary-expr","locations":[{"start":{"line":34,"column":15},"end":{"line":34,"column":25}},{"start":{"line":34,"column":29},"end":{"line":34,"column":31}}]},"4":{"loc":{"start":{"line":53,"column":13},"end":{"line":53,"column":30}},"type":"binary-expr","locations":[{"start":{"line":53,"column":13},"end":{"line":53,"column":23}},{"start":{"line":53,"column":27},"end":{"line":53,"column":30}}]},"5":{"loc":{"start":{"line":61,"column":13},"end":{"line":61,"column":34}},"type":"cond-expr","locations":[{"start":{"line":61,"column":19},"end":{"line":61,"column":28}},{"start":{"line":61,"column":31},"end":{"line":61,"column":34}}]},"6":{"loc":{"start":{"line":70,"column":21},"end":{"line":70,"column":49}},"type":"binary-expr","locations":[{"start":{"line":70,"column":21},"end":{"line":70,"column":43}},{"start":{"line":70,"column":47},"end":{"line":70,"column":49}}]},"7":{"loc":{"start":{"line":71,"column":15},"end":{"line":71,"column":31}},"type":"binary-expr","locations":[{"start":{"line":71,"column":15},"end":{"line":71,"column":25}},{"start":{"line":71,"column":29},"end":{"line":71,"column":31}}]},"8":{"loc":{"start":{"line":73,"column":17},"end":{"line":73,"column":84}},"type":"binary-expr","locations":[{"start":{"line":73,"column":17},"end":{"line":73,"column":78}},{"start":{"line":73,"column":82},"end":{"line":73,"column":84}}]},"9":{"loc":{"start":{"line":95,"column":13},"end":{"line":95,"column":34}},"type":"cond-expr","locations":[{"start":{"line":95,"column":19},"end":{"line":95,"column":28}},{"start":{"line":95,"column":31},"end":{"line":95,"column":34}}]}},"s":{"0":3,"1":3,"2":3,"3":3,"4":3,"5":3,"6":3,"7":0,"8":0,"9":0,"10":0,"11":0,"12":3,"13":3,"14":0,"15":0,"16":0,"17":0,"18":3,"19":0,"20":0,"21":0,"22":0,"23":0,"24":0,"25":0,"26":3},"f":{"0":0,"1":0,"2":0,"3":0,"4":0,"5":0},"b":{"0":[0,0],"1":[0],"2":[0,0],"3":[0,0],"4":[0,0],"5":[0,0],"6":[0,0],"7":[0,0],"8":[0,0],"9":[0,0]}}
}
