TN:
SF:src\app.ts
FN:7,createApp
FNF:1
FNH:1
FNDA:3,createApp
DA:1,2
DA:2,2
DA:3,2
DA:4,2
DA:7,2
DA:8,3
DA:11,3
DA:14,3
DA:17,3
DA:20,3
DA:21,3
DA:22,3
DA:24,3
LF:13
LH:13
BRF:0
BRH:0
end_of_record
TN:
SF:src\cli.ts
FN:7,(anonymous_1)
FNF:1
FNH:0
FNDA:0,(anonymous_1)
DA:2,1
DA:3,1
DA:5,1
DA:7,1
DA:8,0
DA:9,0
DA:10,0
DA:11,0
DA:12,0
LF:9
LH:4
BRF:0
BRH:0
end_of_record
TN:
SF:src\config.ts
FN:3,parseArgs
FNF:1
FNH:1
FNDA:10,parseArgs
DA:1,7
DA:4,10
DA:5,10
DA:6,10
DA:7,10
DA:8,3
DA:9,0
DA:10,0
DA:11,3
DA:12,0
DA:35,0
DA:36,3
DA:37,2
DA:38,1
DA:39,1
DA:41,3
DA:44,10
DA:47,7
DA:49,7
DA:51,7
LF:20
LH:16
BRDA:8,0,0,0
BRDA:8,0,1,3
BRDA:8,1,0,3
BRDA:8,1,1,3
BRDA:11,2,0,0
BRDA:11,2,1,3
BRDA:11,3,0,3
BRDA:11,3,1,3
BRDA:36,4,0,2
BRDA:36,4,1,1
BRDA:38,5,0,1
BRDA:52,6,0,0
BRDA:52,6,1,7
BRDA:52,7,0,0
BRDA:52,7,1,7
BRDA:53,8,0,7
BRDA:53,8,1,7
BRDA:54,9,0,7
BRDA:54,9,1,7
BRDA:54,9,2,7
BRDA:55,10,0,7
BRDA:55,10,1,0
BRDA:56,11,0,7
BRDA:56,11,1,7
BRDA:57,12,0,7
BRDA:57,12,1,7
BRDA:58,13,0,0
BRDA:58,13,1,7
BRF:28
BRH:22
end_of_record
TN:
SF:src\middleware\auth.ts
FN:4,createAuthMiddleware
FNF:1
FNH:1
FNDA:5,createAuthMiddleware
DA:1,3
DA:2,3
DA:4,3
DA:5,5
DA:6,5
DA:8,5
LF:6
LH:6
BRF:0
BRH:0
end_of_record
TN:
SF:src\middleware\directory.ts
FN:7,createDirectoryMiddleware
FN:12,(anonymous_2)
FN:27,(anonymous_3)
FNF:3
FNH:1
FNDA:4,createDirectoryMiddleware
FNDA:0,(anonymous_2)
FNDA:0,(anonymous_3)
DA:1,3
DA:2,3
DA:3,3
DA:4,3
DA:5,3
DA:7,3
DA:9,4
DA:12,4
DA:14,0
DA:15,0
DA:16,0
DA:17,0
DA:19,0
DA:22,0
DA:26,0
DA:27,0
DA:28,0
DA:29,0
DA:30,0
DA:31,0
DA:32,0
DA:33,0
DA:36,0
DA:40,0
DA:43,4
LF:25
LH:9
BRDA:17,0,0,0
BRDA:29,1,0,0
BRDA:29,2,0,0
BRDA:29,2,1,0
BRDA:31,3,0,0
BRDA:31,3,1,0
BRF:6
BRH:0
end_of_record
TN:
SF:src\routes\upload.ts
FN:12,(anonymous_1)
FN:20,(anonymous_2)
FN:32,(anonymous_3)
FN:69,(anonymous_4)
FN:73,(anonymous_5)
FN:92,(anonymous_6)
FNF:6
FNH:0
FNDA:0,(anonymous_1)
FNDA:0,(anonymous_2)
FNDA:0,(anonymous_3)
FNDA:0,(anonymous_4)
FNDA:0,(anonymous_5)
FNDA:0,(anonymous_6)
DA:1,3
DA:2,3
DA:3,3
DA:4,3
DA:5,3
DA:8,3
DA:11,3
DA:13,0
DA:15,0
DA:16,0
DA:18,0
DA:22,0
DA:26,3
DA:32,3
DA:33,0
DA:34,0
DA:35,0
DA:65,0
DA:69,3
DA:70,0
DA:71,0
DA:73,0
DA:74,0
DA:92,0
DA:100,0
DA:103,3
LF:26
LH:11
BRDA:13,0,0,0
BRDA:13,0,1,0
BRDA:15,1,0,0
BRDA:33,2,0,0
BRDA:33,2,1,0
BRDA:34,3,0,0
BRDA:34,3,1,0
BRDA:53,4,0,0
BRDA:53,4,1,0
BRDA:61,5,0,0
BRDA:61,5,1,0
BRDA:70,6,0,0
BRDA:70,6,1,0
BRDA:71,7,0,0
BRDA:71,7,1,0
BRDA:73,8,0,0
BRDA:73,8,1,0
BRDA:95,9,0,0
BRDA:95,9,1,0
BRF:19
BRH:0
end_of_record
